  Collider.cpp
C:\Users\ohqwe\Desktop\projectHistory\개인프로젝트\v2\BattleCity\Collider.cpp(9,34): warning C4244: '=': 'FLOAT'에서 'LONG'(으)로 변환하면서 데이터가 손실될 수 있습니다.
C:\Users\ohqwe\Desktop\projectHistory\개인프로젝트\v2\BattleCity\Collider.cpp(10,33): warning C4244: '=': 'FLOAT'에서 'LONG'(으)로 변환하면서 데이터가 손실될 수 있습니다.
C:\Users\ohqwe\Desktop\projectHistory\개인프로젝트\v2\BattleCity\Collider.cpp(11,39): warning C4244: '=': 'float'에서 'LONG'(으)로 변환하면서 데이터가 손실될 수 있습니다.
C:\Users\ohqwe\Desktop\projectHistory\개인프로젝트\v2\BattleCity\Collider.cpp(12,39): warning C4244: '=': 'float'에서 'LONG'(으)로 변환하면서 데이터가 손실될 수 있습니다.
C:\Users\ohqwe\Desktop\projectHistory\개인프로젝트\v2\BattleCity\Collider.cpp(16,34): warning C4244: '=': 'FLOAT'에서 'LONG'(으)로 변환하면서 데이터가 손실될 수 있습니다.
C:\Users\ohqwe\Desktop\projectHistory\개인프로젝트\v2\BattleCity\Collider.cpp(17,33): warning C4244: '=': 'FLOAT'에서 'LONG'(으)로 변환하면서 데이터가 손실될 수 있습니다.
C:\Users\ohqwe\Desktop\projectHistory\개인프로젝트\v2\BattleCity\Collider.cpp(18,39): warning C4244: '=': 'float'에서 'LONG'(으)로 변환하면서 데이터가 손실될 수 있습니다.
C:\Users\ohqwe\Desktop\projectHistory\개인프로젝트\v2\BattleCity\Collider.cpp(19,39): warning C4244: '=': 'float'에서 'LONG'(으)로 변환하면서 데이터가 손실될 수 있습니다.
C:\Users\ohqwe\Desktop\projectHistory\개인프로젝트\v2\BattleCity\Collider.cpp(26,34): warning C4244: '=': 'FLOAT'에서 'LONG'(으)로 변환하면서 데이터가 손실될 수 있습니다.
C:\Users\ohqwe\Desktop\projectHistory\개인프로젝트\v2\BattleCity\Collider.cpp(27,33): warning C4244: '=': 'FLOAT'에서 'LONG'(으)로 변환하면서 데이터가 손실될 수 있습니다.
C:\Users\ohqwe\Desktop\projectHistory\개인프로젝트\v2\BattleCity\Collider.cpp(28,39): warning C4244: '=': 'float'에서 'LONG'(으)로 변환하면서 데이터가 손실될 수 있습니다.
C:\Users\ohqwe\Desktop\projectHistory\개인프로젝트\v2\BattleCity\Collider.cpp(29,39): warning C4244: '=': 'float'에서 'LONG'(으)로 변환하면서 데이터가 손실될 수 있습니다.
C:\Users\ohqwe\Desktop\projectHistory\개인프로젝트\v2\BattleCity\Collider.cpp(31,34): warning C4244: '=': 'FLOAT'에서 'LONG'(으)로 변환하면서 데이터가 손실될 수 있습니다.
C:\Users\ohqwe\Desktop\projectHistory\개인프로젝트\v2\BattleCity\Collider.cpp(32,33): warning C4244: '=': 'FLOAT'에서 'LONG'(으)로 변환하면서 데이터가 손실될 수 있습니다.
C:\Users\ohqwe\Desktop\projectHistory\개인프로젝트\v2\BattleCity\Collider.cpp(33,39): warning C4244: '=': 'float'에서 'LONG'(으)로 변환하면서 데이터가 손실될 수 있습니다.
C:\Users\ohqwe\Desktop\projectHistory\개인프로젝트\v2\BattleCity\Collider.cpp(34,39): warning C4244: '=': 'float'에서 'LONG'(으)로 변환하면서 데이터가 손실될 수 있습니다.
  GameEntity.cpp
  GameObject.cpp
  Image.cpp
C:\Users\ohqwe\Desktop\projectHistory\개인프로젝트\v2\BattleCity\Image.cpp(161,27): warning C4244: '인수': 'float'에서 'int'(으)로 변환하면서 데이터가 손실될 수 있습니다.
C:\Users\ohqwe\Desktop\projectHistory\개인프로젝트\v2\BattleCity\Image.cpp(160,26): warning C4244: '인수': 'float'에서 'int'(으)로 변환하면서 데이터가 손실될 수 있습니다.
  ImageManager.cpp
  KeyManager.cpp
  main.cpp
C:\Users\ohqwe\Desktop\projectHistory\개인프로젝트\v2\BattleCity\main.cpp(68,16): warning C4244: 'return': 'WPARAM'에서 'int'(으)로 변환하면서 데이터가 손실될 수 있습니다.
  MainGame.cpp
  Physcis.cpp
  SceneManager.cpp
  Skul.cpp
C:\Users\ohqwe\Desktop\projectHistory\개인프로젝트\v2\BattleCity\Skul.cpp(71,38): warning C4244: '인수': 'float'에서 'int'(으)로 변환하면서 데이터가 손실될 수 있습니다.
C:\Users\ohqwe\Desktop\projectHistory\개인프로젝트\v2\BattleCity\Skul.cpp(75,38): warning C4244: '인수': 'float'에서 'int'(으)로 변환하면서 데이터가 손실될 수 있습니다.
C:\Users\ohqwe\Desktop\projectHistory\개인프로젝트\v2\BattleCity\Skul.cpp(82,42): warning C4244: '인수': 'float'에서 'int'(으)로 변환하면서 데이터가 손실될 수 있습니다.
C:\Users\ohqwe\Desktop\projectHistory\개인프로젝트\v2\BattleCity\Skul.cpp(86,42): warning C4244: '인수': 'float'에서 'int'(으)로 변환하면서 데이터가 손실될 수 있습니다.
  TestScene.cpp
C:\Users\ohqwe\Desktop\projectHistory\개인프로젝트\v2\BattleCity\TestScene.cpp(63,59): warning C4267: '인수': 'size_t'에서 'int'(으)로 변환하면서 데이터가 손실될 수 있습니다.
C:\Users\ohqwe\Desktop\projectHistory\개인프로젝트\v2\BattleCity\TestScene.cpp(65,59): warning C4267: '인수': 'size_t'에서 'int'(으)로 변환하면서 데이터가 손실될 수 있습니다.
  Timer.cpp
  TimerManager.cpp
C:\Users\ohqwe\Desktop\projectHistory\개인프로젝트\v2\BattleCity\TimerManager.cpp(19,59): warning C4267: '인수': 'size_t'에서 'int'(으)로 변환하면서 데이터가 손실될 수 있습니다.
  TutorialScene.cpp
  코드를 생성하고 있습니다...
  BattleCity.vcxproj -> C:\Users\ohqwe\Desktop\projectHistory\개인프로젝트\v2\BattleCity\x64\Debug\BattleCity.exe
